28-Dec-20 06:07:13 - django.utils.autoreload - 8728 - INFO - Watching for file changes with StatReloader
28-Dec-20 06:07:49 - django.channels.server - 8728 - INFO - [mHTTP GET / 200 [1.37, 127.0.0.1:42714][0m
28-Dec-20 06:07:50 - django.channels.server - 8728 - INFO - [mHTTP GET /static/css/bootstrap.min.css 200 [0.30, 127.0.0.1:42714][0m
28-Dec-20 06:07:50 - django.channels.server - 8728 - INFO - [mHTTP GET /static/css/font-awesome.min.css 200 [0.35, 127.0.0.1:42716][0m
28-Dec-20 06:07:50 - django.channels.server - 8728 - INFO - [mHTTP GET /static/css/owl.carousel.min.css 200 [0.37, 127.0.0.1:42724][0m
28-Dec-20 06:07:50 - django.channels.server - 8728 - INFO - [mHTTP GET /static/css/owl.theme.default.min.css 200 [0.37, 127.0.0.1:42726][0m
28-Dec-20 06:07:50 - django.channels.server - 8728 - INFO - [mHTTP GET /static/css/style.css 200 [0.40, 127.0.0.1:42728][0m
28-Dec-20 06:07:50 - django.channels.server - 8728 - INFO - [mHTTP GET /static/css/Master.css 200 [0.40, 127.0.0.1:42730][0m
28-Dec-20 06:07:50 - django.channels.server - 8728 - INFO - [mHTTP GET /static/css/propertyMaster.css 200 [0.11, 127.0.0.1:42714][0m
28-Dec-20 06:07:50 - django.channels.server - 8728 - INFO - [mHTTP GET /static/css/masterStudent.css 200 [0.10, 127.0.0.1:42716][0m
28-Dec-20 06:07:50 - django.channels.server - 8728 - INFO - [mHTTP GET /static/js/jquery-3.4.1.min.js 200 [0.12, 127.0.0.1:42724][0m
28-Dec-20 06:07:50 - django.channels.server - 8728 - INFO - [mHTTP GET /static/ipconfig.js 200 [0.14, 127.0.0.1:42726][0m
28-Dec-20 06:07:50 - django.channels.server - 8728 - INFO - [mHTTP GET /static/css/landing/MasterStyle.css 200 [0.14, 127.0.0.1:42728][0m
28-Dec-20 06:07:50 - django.channels.server - 8728 - INFO - [mHTTP GET /static/assets/images/logo/sl_logo_white.svg 200 [0.14, 127.0.0.1:42730][0m
28-Dec-20 06:07:50 - django.channels.server - 8728 - INFO - [mHTTP GET /static/images/user-default.png 200 [0.14, 127.0.0.1:42714][0m
28-Dec-20 06:07:50 - django.channels.server - 8728 - INFO - [mHTTP GET /static/assets/images/landing-page.png 200 [0.15, 127.0.0.1:42716][0m
28-Dec-20 06:07:50 - django.channels.server - 8728 - INFO - [mHTTP GET /static/assets/images/map.png 200 [0.14, 127.0.0.1:42724][0m
28-Dec-20 06:07:50 - django.channels.server - 8728 - INFO - [mHTTP GET /static/assets/images/roommate.svg 200 [0.42, 127.0.0.1:42726][0m
28-Dec-20 06:07:50 - django.channels.server - 8728 - INFO - [mHTTP GET /static/assets/images/student.png 200 [0.41, 127.0.0.1:42728][0m
28-Dec-20 06:07:51 - django.channels.server - 8728 - INFO - [mHTTP GET /static/assets/images/propcard.svg 200 [0.41, 127.0.0.1:42730][0m
28-Dec-20 06:07:51 - django.channels.server - 8728 - INFO - [mHTTP GET /static/assets/images/roommate.png 200 [0.42, 127.0.0.1:42714][0m
28-Dec-20 06:07:51 - django.channels.server - 8728 - INFO - [mHTTP GET /static/assets/images/services.png 200 [0.42, 127.0.0.1:42716][0m
28-Dec-20 06:07:51 - django.channels.server - 8728 - INFO - [mHTTP GET /static/js/landing/main.js 200 [0.43, 127.0.0.1:42724][0m
28-Dec-20 06:07:51 - django.channels.server - 8728 - INFO - [mHTTP GET /static/js/landing/scripts.js 200 [0.14, 127.0.0.1:42726][0m
28-Dec-20 06:07:51 - django.channels.server - 8728 - INFO - [mHTTP GET /static/js/landing/sb-customizer.js 200 [0.15, 127.0.0.1:42728][0m
28-Dec-20 06:07:51 - django.channels.server - 8728 - INFO - [mHTTP GET /static/js/popper.min.js 200 [0.14, 127.0.0.1:42730][0m
28-Dec-20 06:07:51 - django.channels.server - 8728 - INFO - [mHTTP GET /static/js/bootstrap.min.js 200 [0.14, 127.0.0.1:42714][0m
28-Dec-20 06:07:51 - django.channels.server - 8728 - INFO - [mHTTP GET /static/js/owl.carousel.min.js 200 [0.14, 127.0.0.1:42716][0m
28-Dec-20 06:07:51 - django.channels.server - 8728 - INFO - [mHTTP GET /static/js/main3813.js 200 [0.13, 127.0.0.1:42724][0m
28-Dec-20 06:07:51 - django.channels.server - 8728 - INFO - [mHTTP GET /static/js/markerclusterer.js 200 [0.14, 127.0.0.1:42726][0m
28-Dec-20 06:07:51 - django.channels.server - 8728 - INFO - [mHTTP GET /static/js/maine2a5.js 200 [0.11, 127.0.0.1:42728][0m
28-Dec-20 06:07:51 - django.channels.server - 8728 - INFO - [mHTTP GET /static/js/mapee61.js 200 [0.11, 127.0.0.1:42730][0m
28-Dec-20 06:07:51 - django.channels.server - 8728 - INFO - [mHTTP GET / 200 [0.19, 127.0.0.1:42730][0m
28-Dec-20 06:07:52 - django.channels.server - 8728 - INFO - [mHTTP GET /static/images/bg-pattern1.png 200 [0.03, 127.0.0.1:42730][0m
28-Dec-20 06:07:52 - django.request - 8728 - WARNING - Not Found: /sass.js
28-Dec-20 06:07:52 - django.channels.server - 8728 - WARNING - [33mHTTP GET /sass.js 404 [0.14, 127.0.0.1:42730][0m
28-Dec-20 06:07:53 - django.channels.server - 8728 - INFO - [mHTTP GET /static/assets/images/logo/Symbol.svg 200 [0.02, 127.0.0.1:42730][0m
28-Dec-20 06:07:53 - django.channels.server - 8728 - INFO - [mHTTP GET /static/images/favicon.png 200 [0.01, 127.0.0.1:42730][0m
28-Dec-20 06:07:57 - django.channels.server - 8728 - INFO - [32mHTTP POST / 302 [1.30, 127.0.0.1:42730][0m
28-Dec-20 06:07:59 - django.channels.server - 8728 - INFO - [mHTTP GET /property/ 200 [2.17, 127.0.0.1:42730][0m
28-Dec-20 06:07:59 - django.channels.server - 8728 - INFO - [mHTTP GET /static/fonts/fontawesome-webfont3e6e.woff2?v=4.7.0 200 [0.02, 127.0.0.1:42730][0m
28-Dec-20 06:08:05 - django.channels.server - 8728 - INFO - [mHTTP GET /roommates/ 200 [0.19, 127.0.0.1:42730][0m
28-Dec-20 06:08:05 - django.channels.server - 8728 - INFO - [mHTTP GET /static/plugins/wysiwyg/dist/suneditor.min.js 200 [0.32, 127.0.0.1:42730][0m
28-Dec-20 06:08:05 - django.channels.server - 8728 - WARNING - [33mHTTP GET /static/js/common.js 404 [0.32, 127.0.0.1:42728][0m
28-Dec-20 06:08:05 - django.channels.server - 8728 - INFO - [mHTTP GET /static/plugins/wysiwyg/cdn/codemirror.min.js 200 [0.17, 127.0.0.1:42726][0m
28-Dec-20 06:08:05 - django.channels.server - 8728 - INFO - [mHTTP GET /static/plugins/wysiwyg/cdn/htmlmixed.js 200 [0.19, 127.0.0.1:42724][0m
28-Dec-20 06:08:05 - django.channels.server - 8728 - INFO - [mHTTP GET /static/plugins/wysiwyg/cdn/xml.js 200 [0.22, 127.0.0.1:42716][0m
28-Dec-20 06:08:05 - django.channels.server - 8728 - INFO - [mHTTP GET /static/plugins/wysiwyg/cdn/css.js 200 [0.12, 127.0.0.1:42714][0m
28-Dec-20 06:08:05 - django.channels.server - 8728 - INFO - [mHTTP GET /static/plugins/wysiwyg/cdn/katex.min.js 200 [0.14, 127.0.0.1:42728][0m
28-Dec-20 06:08:06 - django.channels.server - 8728 - INFO - [mHTTP GET /roommates/ 200 [0.23, 127.0.0.1:42726][0m
28-Dec-20 06:08:06 - django.channels.server - 8728 - WARNING - [33mHTTP GET /static/js/common.js 404 [0.12, 127.0.0.1:42728][0m
28-Dec-20 06:08:10 - django.channels.server - 8728 - INFO - [mHTTP GET /roommates/ 200 [0.07, 127.0.0.1:42728][0m
28-Dec-20 06:08:10 - django.channels.server - 8728 - WARNING - [33mHTTP GET /static/js/common.js 404 [0.01, 127.0.0.1:42728][0m
28-Dec-20 06:08:10 - django.channels.server - 8728 - INFO - [mHTTP GET /roommates/ 200 [0.20, 127.0.0.1:42728][0m
28-Dec-20 06:08:10 - django.channels.server - 8728 - WARNING - [33mHTTP GET /static/js/common.js 404 [0.06, 127.0.0.1:42726][0m
28-Dec-20 06:08:13 - django.channels.server - 8728 - INFO - [mHTTP GET /social/ 200 [0.16, 127.0.0.1:42726][0m
28-Dec-20 06:08:13 - django.channels.server - 8728 - WARNING - [33mHTTP GET /static/js/common.js 404 [0.01, 127.0.0.1:42726][0m
28-Dec-20 06:08:13 - django.channels.server - 8728 - INFO - [mHTTP GET /social/ 200 [0.06, 127.0.0.1:42726][0m
28-Dec-20 06:08:13 - django.channels.server - 8728 - WARNING - [33mHTTP GET /static/js/common.js 404 [0.05, 127.0.0.1:42728][0m
28-Dec-20 06:08:15 - django.channels.server - 8728 - INFO - [mHTTP GET /services/ 200 [0.16, 127.0.0.1:42728][0m
28-Dec-20 06:08:20 - django.channels.server - 8728 - INFO - [32mHTTP GET / 302 [0.09, 127.0.0.1:42728][0m
28-Dec-20 06:08:20 - django.channels.server - 8728 - INFO - [mHTTP GET /property/ 200 [0.10, 127.0.0.1:42728][0m
28-Dec-20 06:08:24 - django.channels.server - 8728 - INFO - [mHTTP GET /chat/ 200 [0.13, 127.0.0.1:42728][0m
28-Dec-20 06:22:12 - django.channels.server - 8728 - INFO - [mHTTP GET /student/profile/arunstudent/ 200 [0.23, 127.0.0.1:42866][0m
28-Dec-20 06:22:12 - django.channels.server - 8728 - INFO - [mHTTP GET /static/js/recaptchaReset.js 200 [0.02, 127.0.0.1:42866][0m
28-Dec-20 06:22:24 - django.channels.server - 8728 - INFO - [mHTTP GET /student/profile/arunstudent/ 200 [0.10, 127.0.0.1:42866][0m
28-Dec-20 06:22:27 - django.channels.server - 8728 - INFO - [mHTTP GET /property/ 200 [0.11, 127.0.0.1:42866][0m
28-Dec-20 06:22:37 - django.channels.server - 8728 - INFO - [32mHTTP GET / 302 [0.02, 127.0.0.1:42866][0m
28-Dec-20 06:22:37 - django.channels.server - 8728 - INFO - [mHTTP GET /property/ 200 [0.11, 127.0.0.1:42866][0m
28-Dec-20 06:22:40 - django.channels.server - 8728 - INFO - [32mHTTP GET /logout/ 302 [0.06, 127.0.0.1:42866][0m
28-Dec-20 06:22:40 - django.channels.server - 8728 - INFO - [mHTTP GET / 200 [0.06, 127.0.0.1:42866][0m
28-Dec-20 06:22:41 - django.request - 8728 - WARNING - Not Found: /sass.js
28-Dec-20 06:22:41 - django.channels.server - 8728 - WARNING - [33mHTTP GET /sass.js 404 [0.01, 127.0.0.1:42866][0m
28-Dec-20 06:22:54 - django.channels.server - 8728 - INFO - [32mHTTP POST / 302 [0.23, 127.0.0.1:42866][0m
28-Dec-20 06:22:54 - django.channels.server - 8728 - INFO - [mHTTP GET /myproperty/ 200 [0.09, 127.0.0.1:42866][0m
28-Dec-20 06:22:54 - django.request - 8728 - WARNING - Not Found: /myproperty/js/jquery-3.4.1.min.js
28-Dec-20 06:22:54 - django.channels.server - 8728 - WARNING - [33mHTTP GET /myproperty/js/jquery-3.4.1.min.js 404 [0.02, 127.0.0.1:42866][0m
28-Dec-20 06:22:54 - django.request - 8728 - WARNING - Not Found: /myproperty/js/jquery-3.4.1.min.js
28-Dec-20 06:22:54 - django.channels.server - 8728 - WARNING - [33mHTTP GET /myproperty/js/jquery-3.4.1.min.js 404 [0.02, 127.0.0.1:42866][0m
28-Dec-20 06:22:57 - django.channels.server - 8728 - INFO - [mHTTP GET /property/create/ 200 [0.35, 127.0.0.1:42866][0m
28-Dec-20 06:22:57 - django.channels.server - 8728 - INFO - [mHTTP GET /static/js/jquery.formset.js 200 [0.04, 127.0.0.1:42866][0m
28-Dec-20 06:26:33 - django.utils.autoreload - 9629 - INFO - Watching for file changes with StatReloader
28-Dec-20 06:27:58 - django.utils.autoreload - 9826 - INFO - Watching for file changes with StatReloader
28-Dec-20 06:28:01 - django.channels.server - 9826 - INFO - [mHTTP GET /chat/ 200 [0.10, 127.0.0.1:42962][0m
28-Dec-20 06:28:03 - django.channels.server - 9826 - INFO - [mHTTP GET /static/assets/images/logo/Symbol.svg 200 [0.01, 127.0.0.1:42962][0m
28-Dec-20 06:28:06 - django.channels.server - 9826 - INFO - [32mHTTP GET /logout/ 302 [0.35, 127.0.0.1:42962][0m
28-Dec-20 06:28:06 - django.channels.server - 9826 - INFO - [mHTTP GET / 200 [0.10, 127.0.0.1:42962][0m
28-Dec-20 06:28:07 - django.request - 9826 - WARNING - Not Found: /sass.js
28-Dec-20 06:28:07 - django.channels.server - 9826 - WARNING - [33mHTTP GET /sass.js 404 [0.02, 127.0.0.1:42962][0m
28-Dec-20 06:28:11 - django.channels.server - 9826 - INFO - [32mHTTP POST / 302 [0.18, 127.0.0.1:42962][0m
28-Dec-20 06:28:11 - django.channels.server - 9826 - INFO - [mHTTP GET /property/ 200 [0.41, 127.0.0.1:42962][0m
28-Dec-20 06:28:13 - django.channels.server - 9826 - INFO - [mHTTP GET /chat/ 200 [0.04, 127.0.0.1:42962][0m
28-Dec-20 06:28:39 - django.channels.server - 9826 - INFO - [32mHTTP GET / 302 [0.02, 127.0.0.1:42962][0m
28-Dec-20 06:28:39 - django.channels.server - 9826 - INFO - [mHTTP GET /property/ 200 [0.14, 127.0.0.1:42962][0m
28-Dec-20 06:28:42 - django.channels.server - 9826 - INFO - [32mHTTP GET /admin/ 302 [0.18, 127.0.0.1:42962][0m
28-Dec-20 06:28:43 - django.channels.server - 9826 - INFO - [mHTTP GET /admin/login/?next=/admin/ 200 [0.61, 127.0.0.1:42962][0m
28-Dec-20 06:28:43 - django.channels.server - 9826 - INFO - [mHTTP GET /static/admin/css/base.css 200 [0.06, 127.0.0.1:42962][0m
28-Dec-20 06:28:43 - django.channels.server - 9826 - INFO - [mHTTP GET /static/admin/css/responsive.css 200 [0.09, 127.0.0.1:42964][0m
28-Dec-20 06:28:43 - django.channels.server - 9826 - INFO - [36mHTTP GET /static/admin/css/login.css 304 [0.06, 127.0.0.1:43006][0m
28-Dec-20 06:28:43 - django.channels.server - 9826 - INFO - [36mHTTP GET /static/admin/css/fonts.css 304 [0.03, 127.0.0.1:42962][0m
28-Dec-20 06:28:43 - django.channels.server - 9826 - INFO - [mHTTP GET /static/admin/fonts/Roboto-Bold-webfont.woff 200 [0.03, 127.0.0.1:42962][0m
28-Dec-20 06:28:43 - django.channels.server - 9826 - INFO - [mHTTP GET /static/admin/fonts/Roboto-Regular-webfont.woff 200 [0.05, 127.0.0.1:43006][0m
28-Dec-20 06:28:43 - django.channels.server - 9826 - INFO - [mHTTP GET /static/admin/fonts/Roboto-Light-webfont.woff 200 [0.05, 127.0.0.1:42964][0m
28-Dec-20 06:28:43 - django.request - 9826 - WARNING - Not Found: /favicon.ico
28-Dec-20 06:28:43 - django.channels.server - 9826 - WARNING - [33mHTTP GET /favicon.ico 404 [0.07, 127.0.0.1:43008][0m
28-Dec-20 06:28:54 - django.channels.server - 9826 - INFO - [32mHTTP POST /admin/login/?next=/admin/ 302 [0.18, 127.0.0.1:43008][0m
28-Dec-20 06:28:54 - django.channels.server - 9826 - INFO - [mHTTP GET /admin/ 200 [0.16, 127.0.0.1:43008][0m
28-Dec-20 06:28:54 - django.channels.server - 9826 - INFO - [36mHTTP GET /static/admin/css/fonts.css 304 [0.00, 127.0.0.1:43008][0m
28-Dec-20 06:28:54 - django.channels.server - 9826 - INFO - [36mHTTP GET /static/admin/css/dashboard.css 304 [0.00, 127.0.0.1:43008][0m
28-Dec-20 06:28:54 - django.channels.server - 9826 - INFO - [36mHTTP GET /static/admin/img/icon-addlink.svg 304 [0.00, 127.0.0.1:43008][0m
28-Dec-20 06:28:54 - django.channels.server - 9826 - INFO - [36mHTTP GET /static/admin/img/icon-changelink.svg 304 [0.01, 127.0.0.1:42964][0m
28-Dec-20 06:28:54 - django.channels.server - 9826 - INFO - [36mHTTP GET /static/admin/img/icon-viewlink.svg 304 [0.01, 127.0.0.1:43008][0m
28-Dec-20 06:29:14 - django.channels.server - 9826 - INFO - [mHTTP GET /admin/property/property/ 200 [0.49, 127.0.0.1:43008][0m
28-Dec-20 06:29:14 - django.channels.server - 9826 - INFO - [mHTTP GET /static/admin/css/changelists.css 200 [0.03, 127.0.0.1:43008][0m
28-Dec-20 06:29:14 - django.channels.server - 9826 - INFO - [mHTTP GET /admin/jsi18n/ 200 [0.07, 127.0.0.1:42964][0m
28-Dec-20 06:29:14 - django.channels.server - 9826 - INFO - [mHTTP GET /static/admin/js/vendor/jquery/jquery.js 200 [0.10, 127.0.0.1:43006][0m
28-Dec-20 06:29:14 - django.channels.server - 9826 - INFO - [mHTTP GET /static/admin/js/core.js 200 [0.11, 127.0.0.1:42962][0m
28-Dec-20 06:29:14 - django.channels.server - 9826 - INFO - [mHTTP GET /static/admin/js/admin/RelatedObjectLookups.js 200 [0.11, 127.0.0.1:43020][0m
28-Dec-20 06:29:14 - django.channels.server - 9826 - INFO - [mHTTP GET /static/admin/js/actions.js 200 [0.12, 127.0.0.1:43022][0m
28-Dec-20 06:29:14 - django.channels.server - 9826 - INFO - [36mHTTP GET /static/admin/css/fonts.css 304 [0.08, 127.0.0.1:43008][0m
28-Dec-20 06:29:14 - django.channels.server - 9826 - INFO - [mHTTP GET /static/admin/js/urlify.js 200 [0.06, 127.0.0.1:42964][0m
28-Dec-20 06:29:14 - django.channels.server - 9826 - INFO - [mHTTP GET /static/admin/js/prepopulate.js 200 [0.04, 127.0.0.1:42962][0m
28-Dec-20 06:29:14 - django.channels.server - 9826 - INFO - [mHTTP GET /static/admin/js/vendor/xregexp/xregexp.js 200 [0.05, 127.0.0.1:43006][0m
28-Dec-20 06:29:16 - django.channels.server - 9826 - INFO - [mHTTP GET /admin/property/property/add/ 200 [0.33, 127.0.0.1:43006][0m
28-Dec-20 06:29:17 - django.channels.server - 9826 - INFO - [mHTTP GET /static/admin/css/forms.css 200 [0.01, 127.0.0.1:43006][0m
28-Dec-20 06:29:17 - django.channels.server - 9826 - INFO - [mHTTP GET /admin/jsi18n/ 200 [0.04, 127.0.0.1:42964][0m
28-Dec-20 06:29:17 - django.channels.server - 9826 - INFO - [mHTTP GET /static/gis/css/ol3.css 200 [0.06, 127.0.0.1:42962][0m
28-Dec-20 06:29:17 - django.channels.server - 9826 - INFO - [mHTTP GET /static/admin/js/calendar.js 200 [0.08, 127.0.0.1:43008][0m
28-Dec-20 06:29:17 - django.channels.server - 9826 - INFO - [mHTTP GET /static/admin/js/admin/DateTimeShortcuts.js 200 [0.09, 127.0.0.1:43022][0m
28-Dec-20 06:29:17 - django.channels.server - 9826 - INFO - [mHTTP GET /static/gis/js/OLMapWidget.js 200 [0.09, 127.0.0.1:43020][0m
28-Dec-20 06:29:17 - django.channels.server - 9826 - INFO - [36mHTTP GET /static/admin/css/fonts.css 304 [0.09, 127.0.0.1:43006][0m
28-Dec-20 06:29:17 - django.channels.server - 9826 - INFO - [mHTTP GET /static/admin/css/widgets.css 200 [0.07, 127.0.0.1:42964][0m
28-Dec-20 06:29:17 - django.channels.server - 9826 - INFO - [mHTTP GET /static/admin/js/inlines.js 200 [0.07, 127.0.0.1:42962][0m
28-Dec-20 06:29:17 - django.channels.server - 9826 - INFO - [36mHTTP GET /static/admin/img/icon-changelink.svg 304 [0.00, 127.0.0.1:42962][0m
28-Dec-20 06:29:17 - django.channels.server - 9826 - INFO - [36mHTTP GET /static/admin/img/icon-addlink.svg 304 [0.01, 127.0.0.1:42964][0m
28-Dec-20 06:29:17 - django.channels.server - 9826 - INFO - [mHTTP GET /static/admin/img/gis/move_vertex_off.svg 200 [0.03, 127.0.0.1:42964][0m
28-Dec-20 06:29:20 - django.channels.server - 9826 - INFO - [mHTTP GET /static/admin/img/icon-calendar.svg 200 [0.03, 127.0.0.1:42964][0m
28-Dec-20 06:29:24 - django.channels.server - 9826 - INFO - [mHTTP GET /admin/property/citylist/add/?_to_field=id&_popup=1 200 [0.06, 127.0.0.1:42964][0m
28-Dec-20 06:29:24 - django.channels.server - 9826 - INFO - [mHTTP GET /admin/jsi18n/ 200 [0.02, 127.0.0.1:42964][0m
28-Dec-20 06:29:24 - django.channels.server - 9826 - INFO - [36mHTTP GET /static/admin/css/fonts.css 304 [0.02, 127.0.0.1:42962][0m
28-Dec-20 06:29:24 - django.channels.server - 9826 - INFO - [36mHTTP GET /static/admin/img/icon-changelink.svg 304 [0.00, 127.0.0.1:42962][0m
28-Dec-20 06:29:24 - django.channels.server - 9826 - INFO - [36mHTTP GET /static/admin/img/icon-addlink.svg 304 [0.00, 127.0.0.1:42962][0m
28-Dec-20 06:29:27 - django.channels.server - 9826 - INFO - [mHTTP GET /admin/property/statelist/add/?_to_field=id&_popup=1 200 [0.05, 127.0.0.1:42962][0m
28-Dec-20 06:29:27 - django.channels.server - 9826 - INFO - [mHTTP GET /admin/jsi18n/ 200 [0.02, 127.0.0.1:42962][0m
28-Dec-20 06:29:27 - django.channels.server - 9826 - INFO - [36mHTTP GET /static/admin/css/fonts.css 304 [0.02, 127.0.0.1:42964][0m
28-Dec-20 06:29:38 - django.channels.server - 9826 - INFO - [mHTTP POST /admin/property/statelist/add/?_to_field=id&_popup=1 200 [0.26, 127.0.0.1:42964][0m
28-Dec-20 06:29:43 - django.channels.server - 9826 - INFO - [mHTTP POST /admin/property/citylist/add/?_to_field=id&_popup=1 200 [0.11, 127.0.0.1:42964][0m
28-Dec-20 06:30:32 - django.channels.server - 9826 - INFO - [mHTTP GET /admin/property/amenities/add/?_to_field=id&_popup=1 200 [0.06, 127.0.0.1:42964][0m
28-Dec-20 06:30:32 - django.channels.server - 9826 - INFO - [mHTTP GET /admin/jsi18n/ 200 [0.02, 127.0.0.1:42964][0m
28-Dec-20 06:30:32 - django.channels.server - 9826 - INFO - [36mHTTP GET /static/admin/css/fonts.css 304 [0.03, 127.0.0.1:43094][0m
28-Dec-20 06:30:35 - django.channels.server - 9826 - INFO - [mHTTP POST /admin/property/amenities/add/?_to_field=id&_popup=1 200 [0.13, 127.0.0.1:43094][0m
28-Dec-20 06:30:40 - django.channels.server - 9826 - INFO - [mHTTP GET /static/admin/img/calendar-icons.svg 200 [0.03, 127.0.0.1:43094][0m
28-Dec-20 06:31:11 - django.channels.server - 9826 - INFO - [mHTTP GET /static/admin/img/inline-delete.svg 200 [0.03, 127.0.0.1:43094][0m
28-Dec-20 06:31:50 - django.channels.server - 9826 - INFO - [mHTTP POST /admin/property/property/add/ 200 [1.49, 127.0.0.1:43094][0m
28-Dec-20 06:31:50 - django.channels.server - 9826 - INFO - [mHTTP GET /admin/jsi18n/ 200 [0.03, 127.0.0.1:43094][0m
28-Dec-20 06:31:50 - django.channels.server - 9826 - INFO - [36mHTTP GET /static/admin/css/fonts.css 304 [0.02, 127.0.0.1:43102][0m
28-Dec-20 06:31:50 - django.channels.server - 9826 - INFO - [36mHTTP GET /static/admin/img/icon-changelink.svg 304 [0.00, 127.0.0.1:43102][0m
28-Dec-20 06:31:50 - django.channels.server - 9826 - INFO - [36mHTTP GET /static/admin/img/icon-addlink.svg 304 [0.00, 127.0.0.1:43094][0m
28-Dec-20 06:32:18 - django.request - 9826 - ERROR - Internal Server Error: /admin/property/property/add/
Traceback (most recent call last):
  File "/home/pcuser/Desktop/Virtual-Envs/deepinsights/lib/python3.6/site-packages/django/db/backends/utils.py", line 84, in _execute
    return self.cursor.execute(sql, params)
psycopg2.errors.NotNullViolation: null value in column "imageDescription" violates not-null constraint
DETAIL:  Failing row contains (1, null, uploads/property/1/propimage/1466d004-39da-4bfa-82b1-706edecf92f..., 1).


The above exception was the direct cause of the following exception:

Traceback (most recent call last):
  File "/home/pcuser/Desktop/Virtual-Envs/deepinsights/lib/python3.6/site-packages/django/core/handlers/exception.py", line 34, in inner
    response = get_response(request)
  File "/home/pcuser/Desktop/Virtual-Envs/deepinsights/lib/python3.6/site-packages/django/core/handlers/base.py", line 115, in _get_response
    response = self.process_exception_by_middleware(e, request)
  File "/home/pcuser/Desktop/Virtual-Envs/deepinsights/lib/python3.6/site-packages/django/core/handlers/base.py", line 113, in _get_response
    response = wrapped_callback(request, *callback_args, **callback_kwargs)
  File "/home/pcuser/Desktop/Virtual-Envs/deepinsights/lib/python3.6/site-packages/django/contrib/admin/options.py", line 606, in wrapper
    return self.admin_site.admin_view(view)(*args, **kwargs)
  File "/home/pcuser/Desktop/Virtual-Envs/deepinsights/lib/python3.6/site-packages/django/utils/decorators.py", line 142, in _wrapped_view
    response = view_func(request, *args, **kwargs)
  File "/home/pcuser/Desktop/Virtual-Envs/deepinsights/lib/python3.6/site-packages/django/views/decorators/cache.py", line 44, in _wrapped_view_func
    response = view_func(request, *args, **kwargs)
  File "/home/pcuser/Desktop/Virtual-Envs/deepinsights/lib/python3.6/site-packages/django/contrib/admin/sites.py", line 223, in inner
    return view(request, *args, **kwargs)
  File "/home/pcuser/Desktop/Virtual-Envs/deepinsights/lib/python3.6/site-packages/django/contrib/admin/options.py", line 1634, in add_view
    return self.changeform_view(request, None, form_url, extra_context)
  File "/home/pcuser/Desktop/Virtual-Envs/deepinsights/lib/python3.6/site-packages/django/utils/decorators.py", line 45, in _wrapper
    return bound_method(*args, **kwargs)
  File "/home/pcuser/Desktop/Virtual-Envs/deepinsights/lib/python3.6/site-packages/django/utils/decorators.py", line 142, in _wrapped_view
    response = view_func(request, *args, **kwargs)
  File "/home/pcuser/Desktop/Virtual-Envs/deepinsights/lib/python3.6/site-packages/django/contrib/admin/options.py", line 1522, in changeform_view
    return self._changeform_view(request, object_id, form_url, extra_context)
  File "/home/pcuser/Desktop/Virtual-Envs/deepinsights/lib/python3.6/site-packages/django/contrib/admin/options.py", line 1562, in _changeform_view
    self.save_related(request, form, formsets, not add)
  File "/home/pcuser/Desktop/Virtual-Envs/deepinsights/lib/python3.6/site-packages/django/contrib/admin/options.py", line 1116, in save_related
    self.save_formset(request, form, formset, change=change)
  File "/home/pcuser/Desktop/Virtual-Envs/deepinsights/lib/python3.6/site-packages/django/contrib/admin/options.py", line 1104, in save_formset
    formset.save()
  File "/home/pcuser/Desktop/Virtual-Envs/deepinsights/lib/python3.6/site-packages/django/forms/models.py", line 669, in save
    return self.save_existing_objects(commit) + self.save_new_objects(commit)
  File "/home/pcuser/Desktop/Virtual-Envs/deepinsights/lib/python3.6/site-packages/django/forms/models.py", line 807, in save_new_objects
    self.new_objects.append(self.save_new(form, commit=commit))
  File "/home/pcuser/Desktop/Virtual-Envs/deepinsights/lib/python3.6/site-packages/django/forms/models.py", line 947, in save_new
    return super().save_new(form, commit=commit)
  File "/home/pcuser/Desktop/Virtual-Envs/deepinsights/lib/python3.6/site-packages/django/forms/models.py", line 646, in save_new
    return form.save(commit=commit)
  File "/home/pcuser/Desktop/Virtual-Envs/deepinsights/lib/python3.6/site-packages/django/forms/models.py", line 458, in save
    self.instance.save()
  File "/home/pcuser/Desktop/Virtual-Envs/deepinsights/lib/python3.6/site-packages/django/db/models/base.py", line 741, in save
    force_update=force_update, update_fields=update_fields)
  File "/home/pcuser/Desktop/Virtual-Envs/deepinsights/lib/python3.6/site-packages/django/db/models/base.py", line 779, in save_base
    force_update, using, update_fields,
  File "/home/pcuser/Desktop/Virtual-Envs/deepinsights/lib/python3.6/site-packages/django/db/models/base.py", line 870, in _save_table
    result = self._do_insert(cls._base_manager, using, fields, update_pk, raw)
  File "/home/pcuser/Desktop/Virtual-Envs/deepinsights/lib/python3.6/site-packages/django/db/models/base.py", line 908, in _do_insert
    using=using, raw=raw)
  File "/home/pcuser/Desktop/Virtual-Envs/deepinsights/lib/python3.6/site-packages/django/db/models/manager.py", line 82, in manager_method
    return getattr(self.get_queryset(), name)(*args, **kwargs)
  File "/home/pcuser/Desktop/Virtual-Envs/deepinsights/lib/python3.6/site-packages/django/db/models/query.py", line 1186, in _insert
    return query.get_compiler(using=using).execute_sql(return_id)
  File "/home/pcuser/Desktop/Virtual-Envs/deepinsights/lib/python3.6/site-packages/django/db/models/sql/compiler.py", line 1335, in execute_sql
    cursor.execute(sql, params)
  File "/home/pcuser/Desktop/Virtual-Envs/deepinsights/lib/python3.6/site-packages/django/db/backends/utils.py", line 99, in execute
    return super().execute(sql, params)
  File "/home/pcuser/Desktop/Virtual-Envs/deepinsights/lib/python3.6/site-packages/django/db/backends/utils.py", line 67, in execute
    return self._execute_with_wrappers(sql, params, many=False, executor=self._execute)
  File "/home/pcuser/Desktop/Virtual-Envs/deepinsights/lib/python3.6/site-packages/django/db/backends/utils.py", line 76, in _execute_with_wrappers
    return executor(sql, params, many, context)
  File "/home/pcuser/Desktop/Virtual-Envs/deepinsights/lib/python3.6/site-packages/django/db/backends/utils.py", line 84, in _execute
    return self.cursor.execute(sql, params)
  File "/home/pcuser/Desktop/Virtual-Envs/deepinsights/lib/python3.6/site-packages/django/db/utils.py", line 89, in __exit__
    raise dj_exc_value.with_traceback(traceback) from exc_value
  File "/home/pcuser/Desktop/Virtual-Envs/deepinsights/lib/python3.6/site-packages/django/db/backends/utils.py", line 84, in _execute
    return self.cursor.execute(sql, params)
django.db.utils.IntegrityError: null value in column "imageDescription" violates not-null constraint
DETAIL:  Failing row contains (1, null, uploads/property/1/propimage/1466d004-39da-4bfa-82b1-706edecf92f..., 1).

28-Dec-20 06:32:18 - django.channels.server - 9826 - ERROR - [35;1mHTTP POST /admin/property/property/add/ 500 [4.54, 127.0.0.1:43094][0m
28-Dec-20 06:32:37 - django.channels.server - 9826 - INFO - [mHTTP GET /admin/property/property/add/ 200 [0.24, 127.0.0.1:43094][0m
28-Dec-20 06:32:45 - apscheduler.executors.default - 9826 - ERROR - Job "fetch_near_by_places (trigger: date[2020-12-28 06:32:44 UTC], next run at: 2020-12-28 06:32:44 UTC)" raised an exception
Traceback (most recent call last):
  File "/home/pcuser/Desktop/Virtual-Envs/deepinsights/lib/python3.6/site-packages/django/db/models/query.py", line 538, in get_or_create
    return self.get(**kwargs), False
  File "/home/pcuser/Desktop/Virtual-Envs/deepinsights/lib/python3.6/site-packages/django/db/models/query.py", line 408, in get
    self.model._meta.object_name
property.models.PropertyNearby.DoesNotExist: PropertyNearby matching query does not exist.

During handling of the above exception, another exception occurred:

Traceback (most recent call last):
  File "/home/pcuser/Desktop/Virtual-Envs/deepinsights/lib/python3.6/site-packages/django/db/backends/base/base.py", line 240, in _commit
    return self.connection.commit()
psycopg2.errors.ForeignKeyViolation: insert or update on table "property_propertynearby" violates foreign key constraint "property_propertynea_propObject_id_d398079e_fk_property_"
DETAIL:  Key (propObject_id)=(1) is not present in table "property_property".


The above exception was the direct cause of the following exception:

Traceback (most recent call last):
  File "/home/pcuser/Desktop/Virtual-Envs/deepinsights/lib/python3.6/site-packages/apscheduler/executors/base.py", line 125, in run_job
    retval = job.func(*job.args, **job.kwargs)
  File "/home/pcuser/Desktop/RE_PROS/dec27/realestatemvp/property/models.py", line 316, in fetch_near_by_places
    obj = get_or_create_near_by(instance, nearByTypes[types])
  File "/home/pcuser/Desktop/RE_PROS/dec27/realestatemvp/property/models.py", line 301, in get_or_create_near_by
    return PropertyNearby.objects.get_or_create(propObject=instance, nearByType=nearByType)
  File "/home/pcuser/Desktop/Virtual-Envs/deepinsights/lib/python3.6/site-packages/django/db/models/manager.py", line 82, in manager_method
    return getattr(self.get_queryset(), name)(*args, **kwargs)
  File "/home/pcuser/Desktop/Virtual-Envs/deepinsights/lib/python3.6/site-packages/django/db/models/query.py", line 541, in get_or_create
    return self._create_object_from_params(kwargs, params)
  File "/home/pcuser/Desktop/Virtual-Envs/deepinsights/lib/python3.6/site-packages/django/db/models/query.py", line 583, in _create_object_from_params
    raise e
  File "/home/pcuser/Desktop/Virtual-Envs/deepinsights/lib/python3.6/site-packages/django/db/models/query.py", line 575, in _create_object_from_params
    obj = self.create(**params)
  File "/home/pcuser/Desktop/Virtual-Envs/deepinsights/lib/python3.6/site-packages/django/db/transaction.py", line 240, in __exit__
    connection.commit()
  File "/home/pcuser/Desktop/Virtual-Envs/deepinsights/lib/python3.6/site-packages/django/db/backends/base/base.py", line 262, in commit
    self._commit()
  File "/home/pcuser/Desktop/Virtual-Envs/deepinsights/lib/python3.6/site-packages/django/db/backends/base/base.py", line 240, in _commit
    return self.connection.commit()
  File "/home/pcuser/Desktop/Virtual-Envs/deepinsights/lib/python3.6/site-packages/django/db/utils.py", line 89, in __exit__
    raise dj_exc_value.with_traceback(traceback) from exc_value
  File "/home/pcuser/Desktop/Virtual-Envs/deepinsights/lib/python3.6/site-packages/django/db/backends/base/base.py", line 240, in _commit
    return self.connection.commit()
django.db.utils.IntegrityError: insert or update on table "property_propertynearby" violates foreign key constraint "property_propertynea_propObject_id_d398079e_fk_property_"
DETAIL:  Key (propObject_id)=(1) is not present in table "property_property".

28-Dec-20 06:35:02 - django.utils.autoreload - 10427 - INFO - Watching for file changes with StatReloader
28-Dec-20 06:35:08 - django.channels.server - 10427 - INFO - [mHTTP GET / 200 [0.50, 127.0.0.1:43150][0m
28-Dec-20 06:35:09 - django.request - 10427 - WARNING - Not Found: /sass.js
28-Dec-20 06:35:09 - django.channels.server - 10427 - WARNING - [33mHTTP GET /sass.js 404 [0.02, 127.0.0.1:43150][0m
28-Dec-20 06:35:19 - django.channels.server - 10427 - INFO - [mHTTP GET /admin/ 200 [0.10, 127.0.0.1:43150][0m
28-Dec-20 06:35:19 - django.channels.server - 10427 - INFO - [36mHTTP GET /static/admin/css/dashboard.css 304 [0.01, 127.0.0.1:43150][0m
28-Dec-20 06:35:19 - django.channels.server - 10427 - INFO - [36mHTTP GET /static/admin/css/fonts.css 304 [0.00, 127.0.0.1:43150][0m
28-Dec-20 06:35:20 - django.channels.server - 10427 - INFO - [36mHTTP GET /static/admin/img/icon-addlink.svg 304 [0.01, 127.0.0.1:43150][0m
28-Dec-20 06:35:20 - django.channels.server - 10427 - INFO - [36mHTTP GET /static/admin/img/icon-changelink.svg 304 [0.01, 127.0.0.1:43152][0m
28-Dec-20 06:35:20 - django.channels.server - 10427 - INFO - [36mHTTP GET /static/admin/img/icon-viewlink.svg 304 [0.02, 127.0.0.1:43164][0m
28-Dec-20 06:35:30 - django.channels.server - 10427 - INFO - [mHTTP GET /admin/property/property/ 200 [0.05, 127.0.0.1:43164][0m
28-Dec-20 06:35:31 - django.channels.server - 10427 - INFO - [mHTTP GET /admin/jsi18n/ 200 [0.03, 127.0.0.1:43164][0m
28-Dec-20 06:35:31 - django.channels.server - 10427 - INFO - [36mHTTP GET /static/admin/css/fonts.css 304 [0.00, 127.0.0.1:43152][0m
28-Dec-20 06:35:33 - django.channels.server - 10427 - INFO - [mHTTP GET /admin/property/property/add/ 200 [0.31, 127.0.0.1:43152][0m
28-Dec-20 06:35:33 - django.channels.server - 10427 - INFO - [mHTTP GET /admin/jsi18n/ 200 [0.03, 127.0.0.1:43152][0m
28-Dec-20 06:35:33 - django.channels.server - 10427 - INFO - [36mHTTP GET /static/admin/css/fonts.css 304 [0.01, 127.0.0.1:43164][0m
28-Dec-20 06:35:33 - django.channels.server - 10427 - INFO - [36mHTTP GET /static/admin/img/icon-changelink.svg 304 [0.01, 127.0.0.1:43152][0m
28-Dec-20 06:35:33 - django.channels.server - 10427 - INFO - [36mHTTP GET /static/admin/img/icon-addlink.svg 304 [0.01, 127.0.0.1:43164][0m
28-Dec-20 06:35:54 - django.channels.server - 10427 - INFO - [mHTTP GET /admin/property/property/ 200 [0.05, 127.0.0.1:43164][0m
28-Dec-20 06:36:03 - django.channels.server - 10427 - INFO - [mHTTP GET / 200 [0.04, 127.0.0.1:43164][0m
28-Dec-20 06:36:03 - django.channels.server - 10427 - INFO - [mHTTP GET / 200 [0.12, 127.0.0.1:43164][0m
28-Dec-20 06:36:03 - django.request - 10427 - WARNING - Not Found: /sass.js
28-Dec-20 06:36:03 - django.channels.server - 10427 - WARNING - [33mHTTP GET /sass.js 404 [0.02, 127.0.0.1:43164][0m
28-Dec-20 06:36:05 - django.channels.server - 10427 - INFO - [32mHTTP GET /logout/ 302 [0.05, 127.0.0.1:43164][0m
28-Dec-20 06:36:06 - django.channels.server - 10427 - INFO - [mHTTP GET / 200 [0.09, 127.0.0.1:43164][0m
28-Dec-20 06:36:06 - django.request - 10427 - WARNING - Not Found: /sass.js
28-Dec-20 06:36:06 - django.channels.server - 10427 - WARNING - [33mHTTP GET /sass.js 404 [0.02, 127.0.0.1:43164][0m
28-Dec-20 06:36:12 - django.channels.server - 10427 - INFO - [32mHTTP POST / 302 [0.18, 127.0.0.1:43164][0m
28-Dec-20 06:36:12 - django.channels.server - 10427 - INFO - [mHTTP GET /myproperty/ 200 [0.06, 127.0.0.1:43164][0m
28-Dec-20 06:36:12 - django.request - 10427 - WARNING - Not Found: /myproperty/js/jquery-3.4.1.min.js
28-Dec-20 06:36:12 - django.channels.server - 10427 - WARNING - [33mHTTP GET /myproperty/js/jquery-3.4.1.min.js 404 [0.02, 127.0.0.1:43164][0m
28-Dec-20 06:36:12 - django.request - 10427 - WARNING - Not Found: /myproperty/js/jquery-3.4.1.min.js
28-Dec-20 06:36:12 - django.channels.server - 10427 - WARNING - [33mHTTP GET /myproperty/js/jquery-3.4.1.min.js 404 [0.02, 127.0.0.1:43164][0m
28-Dec-20 06:36:14 - django.channels.server - 10427 - INFO - [mHTTP GET /property/create/ 200 [0.12, 127.0.0.1:43164][0m
28-Dec-20 06:37:37 - django.channels.server - 10427 - INFO - [mHTTP POST /property/create/ 200 [0.58, 127.0.0.1:43200][0m
28-Dec-20 06:38:23 - django.channels.server - 10427 - INFO - [mHTTP POST /property/create/ 200 [0.27, 127.0.0.1:43200][0m
28-Dec-20 06:38:52 - django.channels.server - 10427 - INFO - [mHTTP GET /myproperty/ 200 [0.20, 127.0.0.1:43200][0m
28-Dec-20 06:38:52 - django.request - 10427 - WARNING - Not Found: /myproperty/js/jquery-3.4.1.min.js
28-Dec-20 06:38:52 - django.channels.server - 10427 - WARNING - [33mHTTP GET /myproperty/js/jquery-3.4.1.min.js 404 [0.01, 127.0.0.1:43200][0m
28-Dec-20 06:38:52 - django.request - 10427 - WARNING - Not Found: /myproperty/js/jquery-3.4.1.min.js
28-Dec-20 06:38:52 - django.channels.server - 10427 - WARNING - [33mHTTP GET /myproperty/js/jquery-3.4.1.min.js 404 [0.02, 127.0.0.1:43200][0m
